[debug] [2025-09-01T19:37:47.371Z] ----------------------------------------------------------------------
[debug] [2025-09-01T19:37:47.374Z] Command:       C:\For Use Programs\node.exe C:\Users\Fox\AppData\Roaming\npm\node_modules\firebase-tools\lib\bin\firebase.js init hosting
[debug] [2025-09-01T19:37:47.374Z] CLI Version:   14.15.1
[debug] [2025-09-01T19:37:47.375Z] Platform:      win32
[debug] [2025-09-01T19:37:47.375Z] Node Version:  v22.17.1
[debug] [2025-09-01T19:37:47.375Z] Time:          Tue Sep 02 2025 02:37:47 GMT+0700 (Indochina Time)
[debug] [2025-09-01T19:37:47.375Z] ----------------------------------------------------------------------
[debug] 
[debug] [2025-09-01T19:37:47.381Z] > command requires scopes: ["email","openid","https://www.googleapis.com/auth/cloudplatformprojects.readonly","https://www.googleapis.com/auth/firebase","https://www.googleapis.com/auth/cloud-platform"]
[debug] [2025-09-01T19:37:47.381Z] > authorizing via signed-in user (smilemcpe@gmail.com)
[info] 
     ######## #### ########  ######## ########     ###     ######  ########
     ##        ##  ##     ## ##       ##     ##  ##   ##  ##       ##
     ######    ##  ########  ######   ########  #########  ######  ######
     ##        ##  ##    ##  ##       ##     ## ##     ##       ## ##
     ##       #### ##     ## ######## ########  ##     ##  ######  ########

You're about to initialize a Firebase project in this directory:

  D:\Coding\tesit\chatbot-site

[info] 
=== Project Setup
[info] 
[info] First, let's associate this project directory with a Firebase project.
[info] You can create multiple project aliases by running firebase use --add, 
[info] but for now we'll just set up a default project.
[info] 
[debug] [2025-09-01T19:37:57.913Z] Checked if tokens are valid: true, expires at: 1756759054451
[debug] [2025-09-01T19:37:57.914Z] Checked if tokens are valid: true, expires at: 1756759054451
[debug] [2025-09-01T19:37:57.915Z] >>> [apiv2][query] GET https://firebase.googleapis.com/v1beta1/projects pageSize=100
[debug] [2025-09-01T19:37:58.722Z] <<< [apiv2][status] GET https://firebase.googleapis.com/v1beta1/projects 200
[debug] [2025-09-01T19:37:58.722Z] <<< [apiv2][body] GET https://firebase.googleapis.com/v1beta1/projects [omitted]
[info] i  Using project thundertopup-chatbot (thundertopup-chatbot) 
[info] 
=== Hosting Setup
[debug] [2025-09-01T19:38:03.727Z] Checked if tokens are valid: true, expires at: 1756759054451
[debug] [2025-09-01T19:38:03.727Z] Checked if tokens are valid: true, expires at: 1756759054451
[debug] [2025-09-01T19:38:03.727Z] >>> [apiv2][query] GET https://firebase.googleapis.com/v1beta1/projects/thundertopup-chatbot [none]
[debug] [2025-09-01T19:38:04.305Z] <<< [apiv2][status] GET https://firebase.googleapis.com/v1beta1/projects/thundertopup-chatbot 200
[debug] [2025-09-01T19:38:04.305Z] <<< [apiv2][body] GET https://firebase.googleapis.com/v1beta1/projects/thundertopup-chatbot {"projectId":"thundertopup-chatbot","projectNumber":"888439786013","displayName":"thundertopup-chatbot","name":"projects/thundertopup-chatbot","resources":{"hostingSite":"thundertopup-chatbot"},"state":"ACTIVE","etag":"1_310e0e90-632f-411a-bf34-e667e59af218"}
[info] 
[info] Your public directory is the folder (relative to your project directory) that
[info] will contain Hosting assets to be uploaded with firebase deploy. If you
[info] have a build process for your assets, use your build's output directory.
[info] 
[debug] [2025-09-02T00:23:27.961Z] ----------------------------------------------------------------------
[debug] [2025-09-02T00:23:27.964Z] Command:       C:\For Use Programs\node.exe C:\Users\Fox\AppData\Roaming\npm\node_modules\firebase-tools\lib\bin\firebase.js init hosting
[debug] [2025-09-02T00:23:27.965Z] CLI Version:   14.15.1
[debug] [2025-09-02T00:23:27.965Z] Platform:      win32
[debug] [2025-09-02T00:23:27.965Z] Node Version:  v22.17.1
[debug] [2025-09-02T00:23:27.965Z] Time:          Tue Sep 02 2025 07:23:27 GMT+0700 (Indochina Time)
[debug] [2025-09-02T00:23:27.966Z] ----------------------------------------------------------------------
[debug] 
[debug] [2025-09-02T00:23:27.971Z] > command requires scopes: ["email","openid","https://www.googleapis.com/auth/cloudplatformprojects.readonly","https://www.googleapis.com/auth/firebase","https://www.googleapis.com/auth/cloud-platform"]
[debug] [2025-09-02T00:23:27.971Z] > authorizing via signed-in user (smilemcpe@gmail.com)
[info] 
     ######## #### ########  ######## ########     ###     ######  ########
     ##        ##  ##     ## ##       ##     ##  ##   ##  ##       ##
     ######    ##  ########  ######   ########  #########  ######  ######
     ##        ##  ##    ##  ##       ##     ## ##     ##       ## ##
     ##       #### ##     ## ######## ########  ##     ##  ######  ########

You're about to initialize a Firebase project in this directory:

  D:\Coding\tesit\chatbot-site

[info] 
=== Project Setup
[info] 
[info] First, let's associate this project directory with a Firebase project.
[info] You can create multiple project aliases by running firebase use --add, 
[info] but for now we'll just set up a default project.
[info] 
[debug] [2025-09-02T00:24:13.259Z] Using project from CLI flag: thundertopup-chatbot
[debug] [2025-09-02T00:24:13.260Z] Checked if tokens are valid: false, expires at: 1756759054451
[debug] [2025-09-02T00:24:13.260Z] Checked if tokens are valid: false, expires at: 1756759054451
[debug] [2025-09-02T00:24:13.260Z] > refreshing access token with scopes: []
[debug] [2025-09-02T00:24:13.262Z] >>> [apiv2][query] POST https://www.googleapis.com/oauth2/v3/token [none]
[debug] [2025-09-02T00:24:13.262Z] >>> [apiv2][body] POST https://www.googleapis.com/oauth2/v3/token [omitted]
[debug] [2025-09-02T00:24:13.439Z] <<< [apiv2][status] POST https://www.googleapis.com/oauth2/v3/token 200
[debug] [2025-09-02T00:24:13.439Z] <<< [apiv2][body] POST https://www.googleapis.com/oauth2/v3/token [omitted]
[debug] [2025-09-02T00:24:13.463Z] >>> [apiv2][query] GET https://firebase.googleapis.com/v1beta1/projects/thundertopup-chatbot [none]
[debug] [2025-09-02T00:24:14.120Z] <<< [apiv2][status] GET https://firebase.googleapis.com/v1beta1/projects/thundertopup-chatbot 200
[debug] [2025-09-02T00:24:14.120Z] <<< [apiv2][body] GET https://firebase.googleapis.com/v1beta1/projects/thundertopup-chatbot {"projectId":"thundertopup-chatbot","projectNumber":"888439786013","displayName":"thundertopup-chatbot","name":"projects/thundertopup-chatbot","resources":{"hostingSite":"thundertopup-chatbot"},"state":"ACTIVE","etag":"1_310e0e90-632f-411a-bf34-e667e59af218"}
[info] i  Using project thundertopup-chatbot (thundertopup-chatbot) 
[info] 
=== Hosting Setup
[debug] [2025-09-02T00:24:14.125Z] Checked if tokens are valid: true, expires at: 1756776252439
[debug] [2025-09-02T00:24:14.125Z] Checked if tokens are valid: true, expires at: 1756776252439
[debug] [2025-09-02T00:24:14.125Z] >>> [apiv2][query] GET https://firebase.googleapis.com/v1beta1/projects/thundertopup-chatbot [none]
[debug] [2025-09-02T00:24:14.698Z] <<< [apiv2][status] GET https://firebase.googleapis.com/v1beta1/projects/thundertopup-chatbot 200
[debug] [2025-09-02T00:24:14.698Z] <<< [apiv2][body] GET https://firebase.googleapis.com/v1beta1/projects/thundertopup-chatbot {"projectId":"thundertopup-chatbot","projectNumber":"888439786013","displayName":"thundertopup-chatbot","name":"projects/thundertopup-chatbot","resources":{"hostingSite":"thundertopup-chatbot"},"state":"ACTIVE","etag":"1_310e0e90-632f-411a-bf34-e667e59af218"}
[info] 
[info] Your public directory is the folder (relative to your project directory) that
[info] will contain Hosting assets to be uploaded with firebase deploy. If you
[info] have a build process for your assets, use your build's output directory.
[info] 
[debug] [2025-09-02T00:24:44.098Z] ExitPromptError: User force closed the prompt with SIGINT
    at Interface.sigint (C:\Users\Fox\AppData\Roaming\npm\node_modules\firebase-tools\node_modules\@inquirer\core\dist\commonjs\lib\create-prompt.js:101:37)
    at Interface.emit (node:events:518:28)
    at Interface.emit (node:domain:489:12)
    at [_ttyWrite] [as _ttyWrite] (node:internal/readline/interface:1132:18)
    at ReadStream.onkeypress (node:internal/readline/interface:271:20)
    at ReadStream.emit (node:events:530:35)
    at ReadStream.emit (node:domain:489:12)
    at emitKeys (node:internal/readline/utils:370:14)
    at emitKeys.next (<anonymous>)
    at ReadStream.onData (node:internal/readline/emitKeypressEvents:64:36)
[error] 
[error] Error: An unexpected error has occurred.
